<?xml version="1.0" encoding="UTF-8"?>
<testng-results ignored="0" total="1" passed="1" failed="0" skipped="0">
  <reporter-output>
  </reporter-output>
  <suite started-at="2021-09-10T18:31:34 CDT" name="Default suite" finished-at="2021-09-10T18:32:14 CDT" duration-ms="40198">
    <groups>
    </groups>
    <test started-at="2021-09-10T18:31:34 CDT" name="Default test" finished-at="2021-09-10T18:32:14 CDT" duration-ms="40198">
      <class name="CodeAssesment.SearchWordScenario.AppTest">
        <test-method is-config="true" signature="Launch()[pri:0, instance:CodeAssesment.SearchWordScenario.AppTest@732c2a62]" started-at="2021-09-10T18:31:34 CDT" name="Launch" finished-at="2021-09-10T18:31:40 CDT" duration-ms="6020" status="PASS">
          <reporter-output>
          </reporter-output>
        </test-method> <!-- Launch -->
        <test-method signature="verifyWordTable()[pri:0, instance:CodeAssesment.SearchWordScenario.AppTest@732c2a62]" started-at="2021-09-10T18:31:40 CDT" name="verifyWordTable" finished-at="2021-09-10T18:32:14 CDT" duration-ms="34117" status="PASS">
          <reporter-output>
          </reporter-output>
        </test-method> <!-- verifyWordTable -->
      </class> <!-- CodeAssesment.SearchWordScenario.AppTest -->
    </test> <!-- Default test -->
  </suite> <!-- Default suite -->
</testng-results>
